{"C:\\Users\\10603306\\source\\repos\\Seasonfarm\\Seasonfarm\\ClientApp\\src\\containers\\Home\\Home.js": {"path":"C:\\Users\\10603306\\source\\repos\\Seasonfarm\\Seasonfarm\\ClientApp\\src\\containers\\Home\\Home.js","statementMap":{"0":{"start":{"line":5,"column":8},"end":{"line":5,"column":30}}},"fnMap":{"0":{"name":"(anonymous_0)","decl":{"start":{"line":4,"column":4},"end":{"line":4,"column":5}},"loc":{"start":{"line":4,"column":13},"end":{"line":6,"column":5}},"line":4}},"branchMap":{},"s":{"0":1},"f":{"0":1},"b":{},"_coverageSchema":"332fd63041d2c1bcb487cc26dd0d5f7d97098a6c","hash":"fc60ed81fe6c359f6e34aa30f6413d70f277b14e"}
}
