TN:
SF:C:\Users\10603306\source\repos\Seasonfarm\Seasonfarm\ClientApp\src\components\CardList\CardList.js
FN:12,(anonymous_5)
FNF:1
FNH:0
FNDA:0,(anonymous_5)
DA:1,0
DA:2,0
DA:3,0
DA:7,0
DA:12,0
DA:33,0
DA:37,0
LF:7
LH:0
BRF:0
BRH:0
end_of_record
TN:
SF:C:\Users\10603306\source\repos\Seasonfarm\Seasonfarm\ClientApp\src\components\GridList\GridList.js
FN:10,(anonymous_5)
FNF:1
FNH:0
FNDA:0,(anonymous_5)
DA:1,0
DA:2,0
DA:3,0
DA:7,0
DA:10,0
DA:22,0
DA:26,0
LF:7
LH:0
BRF:0
BRH:0
end_of_record
TN:
SF:C:\Users\10603306\source\repos\Seasonfarm\Seasonfarm\ClientApp\src\components\ImageCarousel\ImageCarousel.js
FN:34,(anonymous_5)
FNF:1
FNH:0
FNDA:0,(anonymous_5)
DA:1,0
DA:2,0
DA:3,0
DA:4,0
DA:5,0
DA:6,0
DA:10,0
DA:34,0
DA:56,0
DA:60,0
LF:10
LH:0
BRF:0
BRH:0
end_of_record
TN:
SF:C:\Users\10603306\source\repos\Seasonfarm\Seasonfarm\ClientApp\src\components\PostThread\Article.js
FNF:0
FNH:0
DA:1,0
DA:2,0
DA:3,0
DA:7,0
DA:8,0
DA:25,0
DA:29,0
LF:7
LH:0
BRF:0
BRH:0
end_of_record
TN:
SF:C:\Users\10603306\source\repos\Seasonfarm\Seasonfarm\ClientApp\src\components\PostThread\Image.js
FNF:0
FNH:0
DA:1,0
DA:2,0
DA:3,0
DA:7,0
DA:8,0
DA:18,0
DA:22,0
LF:7
LH:0
BRF:0
BRH:0
end_of_record
TN:
SF:C:\Users\10603306\source\repos\Seasonfarm\Seasonfarm\ClientApp\src\components\PostThread\PostThread.js
FN:14,(anonymous_5)
FNF:1
FNH:0
FNDA:0,(anonymous_5)
DA:1,0
DA:2,0
DA:3,0
DA:4,0
DA:5,0
DA:10,0
DA:14,0
DA:36,0
DA:40,0
LF:9
LH:0
BRDA:17,0,0,0
BRDA:17,0,1,0
BRF:2
BRH:0
end_of_record
TN:
SF:C:\Users\10603306\source\repos\Seasonfarm\Seasonfarm\ClientApp\src\containers\Home\Home.js
FNF:0
FNH:0
DA:1,0
DA:2,0
DA:3,0
DA:4,0
DA:5,0
DA:6,0
DA:7,0
DA:8,0
DA:9,0
DA:10,0
DA:11,0
DA:12,0
DA:13,0
DA:14,0
DA:15,0
DA:45,0
LF:16
LH:0
BRF:0
BRH:0
end_of_record
